{"numFailedTestSuites":0,"numFailedTests":0,"numPassedTestSuites":6,"numPassedTests":45,"numPendingTestSuites":0,"numPendingTests":0,"numRuntimeErrorTestSuites":0,"numTodoTests":0,"numTotalTestSuites":6,"numTotalTests":45,"openHandles":[],"snapshot":{"added":0,"didUpdate":false,"failure":false,"filesAdded":0,"filesRemoved":0,"filesRemovedList":[],"filesUnmatched":0,"filesUpdated":0,"matched":0,"total":0,"unchecked":0,"uncheckedKeysByFile":[],"unmatched":0,"updated":0},"startTime":1780068678816,"success":true,"testResults":[{"assertionResults":[{"ancestorTitles":["Jobs API Integration Tests"],"duration":101,"failureDetails":[],"failureMessages":[],"fullName":"Jobs API Integration Tests 1. POST /api/v1/jobs without Authorization header -> 401","invocations":1,"location":null,"numPassingAsserts":1,"retryReasons":[],"status":"passed","title":"1. POST /api/v1/jobs without Authorization header -> 401"},{"ancestorTitles":["Jobs API Integration Tests"],"duration":16,"failureDetails":[],"failureMessages":[],"fullName":"Jobs API Integration Tests 2. POST /api/v1/jobs with valid JWT but role=freelancer -> 403","invocations":1,"location":null,"numPassingAsserts":1,"retryReasons":[],"status":"passed","title":"2. POST /api/v1/jobs with valid JWT but role=freelancer -> 403"},{"ancestorTitles":["Jobs API Integration Tests"],"duration":31,"failureDetails":[],"failureMessages":[],"fullName":"Jobs API Integration Tests 3. POST /api/v1/jobs with valid JWT, role=client, valid body -> 201","invocations":1,"location":null,"numPassingAsserts":3,"retryReasons":[],"status":"passed","title":"3. POST /api/v1/jobs with valid JWT, role=client, valid body -> 201"},{"ancestorTitles":["Jobs API Integration Tests"],"duration":12,"failureDetails":[],"failureMessages":[],"fullName":"Jobs API Integration Tests 4. GET /api/v1/jobs -> 200 with paginated list","invocations":1,"location":null,"numPassingAsserts":3,"retryReasons":[],"status":"passed","title":"4. GET /api/v1/jobs -> 200 with paginated list"},{"ancestorTitles":["Jobs API Integration Tests"],"duration":15,"failureDetails":[],"failureMessages":[],"fullName":"Jobs API Integration Tests 5. GET /api/v1/jobs/search?q=react -> 200 with results","invocations":1,"location":null,"numPassingAsserts":2,"retryReasons":[],"status":"passed","title":"5. GET /api/v1/jobs/search?q=react -> 200 with results"}],"endTime":1780068681538,"message":"","name":"F:\\SPM module 3\\SPM-module-3\\nfasvp-module3\\backend\\tests\\routes\\jobs.integration.test.js","startTime":1780068678935,"status":"passed","summary":""},{"assertionResults":[{"ancestorTitles":["StatusManagementService","project access and listing"],"duration":4,"failureDetails":[],"failureMessages":[],"fullName":"StatusManagementService project access and listing returns client projects for client role","invocations":1,"location":null,"numPassingAsserts":2,"retryReasons":[],"status":"passed","title":"returns client projects for client role"},{"ancestorTitles":["StatusManagementService","project access and listing"],"duration":1,"failureDetails":[],"failureMessages":[],"fullName":"StatusManagementService project access and listing returns freelancer projects for freelancer role","invocations":1,"location":null,"numPassingAsserts":2,"retryReasons":[],"status":"passed","title":"returns freelancer projects for freelancer role"},{"ancestorTitles":["StatusManagementService","project access and listing"],"duration":22,"failureDetails":[],"failureMessages":[],"fullName":"StatusManagementService project access and listing rejects project listing for unsupported roles","invocations":1,"location":null,"numPassingAsserts":1,"retryReasons":[],"status":"passed","title":"rejects project listing for unsupported roles"},{"ancestorTitles":["StatusManagementService","project access and listing"],"duration":1,"failureDetails":[],"failureMessages":[],"fullName":"StatusManagementService project access and listing allows project parties to fetch project detail","invocations":1,"location":null,"numPassingAsserts":1,"retryReasons":[],"status":"passed","title":"allows project parties to fetch project detail"},{"ancestorTitles":["StatusManagementService","project access and listing"],"duration":2,"failureDetails":[],"failureMessages":[],"fullName":"StatusManagementService project access and listing blocks unrelated users from project detail","invocations":1,"location":null,"numPassingAsserts":1,"retryReasons":[],"status":"passed","title":"blocks unrelated users from project detail"},{"ancestorTitles":["StatusManagementService","project transitions"],"duration":2,"failureDetails":[],"failureMessages":[],"fullName":"StatusManagementService project transitions lets client complete an active project","invocations":1,"location":null,"numPassingAsserts":2,"retryReasons":[],"status":"passed","title":"lets client complete an active project"},{"ancestorTitles":["StatusManagementService","project transitions"],"duration":1,"failureDetails":[],"failureMessages":[],"fullName":"StatusManagementService project transitions blocks freelancer from completing an active project","invocations":1,"location":null,"numPassingAsserts":1,"retryReasons":[],"status":"passed","title":"blocks freelancer from completing an active project"},{"ancestorTitles":["StatusManagementService","project transitions"],"duration":1,"failureDetails":[],"failureMessages":[],"fullName":"StatusManagementService project transitions rejects transitions out of terminal completed project","invocations":1,"location":null,"numPassingAsserts":1,"retryReasons":[],"status":"passed","title":"rejects transitions out of terminal completed project"},{"ancestorTitles":["StatusManagementService","milestones and git repos"],"duration":1,"failureDetails":[],"failureMessages":[],"fullName":"StatusManagementService milestones and git repos lets client add milestone","invocations":1,"location":null,"numPassingAsserts":1,"retryReasons":[],"status":"passed","title":"lets client add milestone"},{"ancestorTitles":["StatusManagementService","milestones and git repos"],"duration":0,"failureDetails":[],"failureMessages":[],"fullName":"StatusManagementService milestones and git repos blocks freelancer from adding milestone","invocations":1,"location":null,"numPassingAsserts":1,"retryReasons":[],"status":"passed","title":"blocks freelancer from adding milestone"},{"ancestorTitles":["StatusManagementService","milestones and git repos"],"duration":1,"failureDetails":[],"failureMessages":[],"fullName":"StatusManagementService milestones and git repos lets freelancer link git repository","invocations":1,"location":null,"numPassingAsserts":2,"retryReasons":[],"status":"passed","title":"lets freelancer link git repository"},{"ancestorTitles":["StatusManagementService","milestones and git repos"],"duration":1,"failureDetails":[],"failureMessages":[],"fullName":"StatusManagementService milestones and git repos throws NotFoundError when project is missing","invocations":1,"location":null,"numPassingAsserts":1,"retryReasons":[],"status":"passed","title":"throws NotFoundError when project is missing"}],"endTime":1780068681730,"message":"","name":"F:\\SPM module 3\\SPM-module-3\\nfasvp-module3\\backend\\tests\\services\\StatusManagementService.test.js","startTime":1780068681552,"status":"passed","summary":""},{"assertionResults":[{"ancestorTitles":["BiddingService","submitBid"],"duration":4,"failureDetails":[],"failureMessages":[],"fullName":"BiddingService submitBid 1. submitBid — success case: returns bid with status=pending","invocations":1,"location":null,"numPassingAsserts":2,"retryReasons":[],"status":"passed","title":"1. submitBid — success case: returns bid with status=pending"},{"ancestorTitles":["BiddingService","submitBid"],"duration":29,"failureDetails":[],"failureMessages":[],"fullName":"BiddingService submitBid 2. submitBid — job not found: throws NotFoundError","invocations":1,"location":null,"numPassingAsserts":1,"retryReasons":[],"status":"passed","title":"2. submitBid — job not found: throws NotFoundError"},{"ancestorTitles":["BiddingService","submitBid"],"duration":2,"failureDetails":[],"failureMessages":[],"fullName":"BiddingService submitBid 3. submitBid — job not open: throws ConflictError","invocations":1,"location":null,"numPassingAsserts":1,"retryReasons":[],"status":"passed","title":"3. submitBid — job not open: throws ConflictError"},{"ancestorTitles":["BiddingService","submitBid"],"duration":1,"failureDetails":[],"failureMessages":[],"fullName":"BiddingService submitBid 4. submitBid — duplicate bid: throws ConflictError","invocations":1,"location":null,"numPassingAsserts":1,"retryReasons":[],"status":"passed","title":"4. submitBid — duplicate bid: throws ConflictError"},{"ancestorTitles":["BiddingService","submitBid"],"duration":2,"failureDetails":[],"failureMessages":[],"fullName":"BiddingService submitBid 5. submitBid — missing cover_letter: throws ValidationError","invocations":1,"location":null,"numPassingAsserts":1,"retryReasons":[],"status":"passed","title":"5. submitBid — missing cover_letter: throws ValidationError"},{"ancestorTitles":["BiddingService","acceptBid"],"duration":2,"failureDetails":[],"failureMessages":[],"fullName":"BiddingService acceptBid 6. acceptBid — success: calls bidRepo.acceptBidTransaction AND module7Client AND module6Client","invocations":1,"location":null,"numPassingAsserts":5,"retryReasons":[],"status":"passed","title":"6. acceptBid — success: calls bidRepo.acceptBidTransaction AND module7Client AND module6Client"},{"ancestorTitles":["BiddingService","acceptBid"],"duration":1,"failureDetails":[],"failureMessages":[],"fullName":"BiddingService acceptBid 7. acceptBid — client mismatch: throws ForbiddenError","invocations":1,"location":null,"numPassingAsserts":1,"retryReasons":[],"status":"passed","title":"7. acceptBid — client mismatch: throws ForbiddenError"},{"ancestorTitles":["BiddingService","acceptBid"],"duration":31,"failureDetails":[],"failureMessages":[],"fullName":"BiddingService acceptBid 8. acceptBid — module7Client failure: does NOT throw, logs error, returns project (non-blocking)","invocations":1,"location":null,"numPassingAsserts":2,"retryReasons":[],"status":"passed","title":"8. acceptBid — module7Client failure: does NOT throw, logs error, returns project (non-blocking)"},{"ancestorTitles":["BiddingService","withdrawBid"],"duration":2,"failureDetails":[],"failureMessages":[],"fullName":"BiddingService withdrawBid 9. withdrawBid — success: updates to withdrawn","invocations":1,"location":null,"numPassingAsserts":2,"retryReasons":[],"status":"passed","title":"9. withdrawBid — success: updates to withdrawn"},{"ancestorTitles":["BiddingService","withdrawBid"],"duration":1,"failureDetails":[],"failureMessages":[],"fullName":"BiddingService withdrawBid 10. withdrawBid — bid not pending: throws ConflictError","invocations":1,"location":null,"numPassingAsserts":1,"retryReasons":[],"status":"passed","title":"10. withdrawBid — bid not pending: throws ConflictError"}],"endTime":1780068682034,"message":"","name":"F:\\SPM module 3\\SPM-module-3\\nfasvp-module3\\backend\\tests\\services\\BiddingService.test.js","startTime":1780068681739,"status":"passed","summary":""},{"assertionResults":[{"ancestorTitles":["SearchFilterService","searchGigs"],"duration":2,"failureDetails":[],"failureMessages":[],"fullName":"SearchFilterService searchGigs uses getAllGigs when query is empty and keeps gig marketplace filters","invocations":1,"location":null,"numPassingAsserts":2,"retryReasons":[],"status":"passed","title":"uses getAllGigs when query is empty and keeps gig marketplace filters"},{"ancestorTitles":["SearchFilterService","searchGigs"],"duration":1,"failureDetails":[],"failureMessages":[],"fullName":"SearchFilterService searchGigs uses searchGigs when query has at least two characters","invocations":1,"location":null,"numPassingAsserts":2,"retryReasons":[],"status":"passed","title":"uses searchGigs when query has at least two characters"},{"ancestorTitles":["SearchFilterService","searchGigs"],"duration":19,"failureDetails":[],"failureMessages":[],"fullName":"SearchFilterService searchGigs rejects invalid gig sort values","invocations":1,"location":null,"numPassingAsserts":1,"retryReasons":[],"status":"passed","title":"rejects invalid gig sort values"},{"ancestorTitles":["SearchFilterService","searchAll"],"duration":2,"failureDetails":[],"failureMessages":[],"fullName":"SearchFilterService searchAll returns separate job and gig result buckets for global search","invocations":1,"location":null,"numPassingAsserts":3,"retryReasons":[],"status":"passed","title":"returns separate job and gig result buckets for global search"}],"endTime":1780068682253,"message":"","name":"F:\\SPM module 3\\SPM-module-3\\nfasvp-module3\\backend\\tests\\services\\SearchFilterService.test.js","startTime":1780068682082,"status":"passed","summary":""},{"assertionResults":[{"ancestorTitles":["JobPostingService","createJob"],"duration":2,"failureDetails":[],"failureMessages":[],"fullName":"JobPostingService createJob 1. createJob — success","invocations":1,"location":null,"numPassingAsserts":1,"retryReasons":[],"status":"passed","title":"1. createJob — success"},{"ancestorTitles":["JobPostingService","createJob"],"duration":25,"failureDetails":[],"failureMessages":[],"fullName":"JobPostingService createJob 2. createJob — budget_max < budget_min: throws ValidationError","invocations":1,"location":null,"numPassingAsserts":1,"retryReasons":[],"status":"passed","title":"2. createJob — budget_max < budget_min: throws ValidationError"},{"ancestorTitles":["JobPostingService","createJob"],"duration":2,"failureDetails":[],"failureMessages":[],"fullName":"JobPostingService createJob 3. createJob — expires_at in past: throws ValidationError","invocations":1,"location":null,"numPassingAsserts":1,"retryReasons":[],"status":"passed","title":"3. createJob — expires_at in past: throws ValidationError"},{"ancestorTitles":["JobPostingService","createJob"],"duration":1,"failureDetails":[],"failureMessages":[],"fullName":"JobPostingService createJob 4. createJob — invalid category_id: throws NotFoundError","invocations":1,"location":null,"numPassingAsserts":1,"retryReasons":[],"status":"passed","title":"4. createJob — invalid category_id: throws NotFoundError"},{"ancestorTitles":["JobPostingService","deleteJob"],"duration":1,"failureDetails":[],"failureMessages":[],"fullName":"JobPostingService deleteJob 5. deleteJob — client mismatch: throws ForbiddenError","invocations":1,"location":null,"numPassingAsserts":1,"retryReasons":[],"status":"passed","title":"5. deleteJob — client mismatch: throws ForbiddenError"},{"ancestorTitles":["JobPostingService","deleteJob"],"duration":1,"failureDetails":[],"failureMessages":[],"fullName":"JobPostingService deleteJob 6. deleteJob — accepted bid exists: throws ConflictError","invocations":1,"location":null,"numPassingAsserts":1,"retryReasons":[],"status":"passed","title":"6. deleteJob — accepted bid exists: throws ConflictError"},{"ancestorTitles":["JobPostingService","listJobs"],"duration":1,"failureDetails":[],"failureMessages":[],"fullName":"JobPostingService listJobs 7. listJobs — forwards keyword search and filters to repository","invocations":1,"location":null,"numPassingAsserts":1,"retryReasons":[],"status":"passed","title":"7. listJobs — forwards keyword search and filters to repository"}],"endTime":1780068682430,"message":"","name":"F:\\SPM module 3\\SPM-module-3\\nfasvp-module3\\backend\\tests\\services\\JobPostingService.test.js","startTime":1780068682259,"status":"passed","summary":""},{"assertionResults":[{"ancestorTitles":["GigListingService","createGig"],"duration":2,"failureDetails":[],"failureMessages":[],"fullName":"GigListingService createGig creates a gig successfully","invocations":1,"location":null,"numPassingAsserts":1,"retryReasons":[],"status":"passed","title":"creates a gig successfully"},{"ancestorTitles":["GigListingService","createGig"],"duration":26,"failureDetails":[],"failureMessages":[],"fullName":"GigListingService createGig throws ConflictError when freelancer already has 20 active gigs","invocations":1,"location":null,"numPassingAsserts":1,"retryReasons":[],"status":"passed","title":"throws ConflictError when freelancer already has 20 active gigs"},{"ancestorTitles":["GigListingService","createGig"],"duration":1,"failureDetails":[],"failureMessages":[],"fullName":"GigListingService createGig preserves requested live status so published gigs appear in marketplace","invocations":1,"location":null,"numPassingAsserts":2,"retryReasons":[],"status":"passed","title":"preserves requested live status so published gigs appear in marketplace"},{"ancestorTitles":["GigListingService","createGig"],"duration":1,"failureDetails":[],"failureMessages":[],"fullName":"GigListingService createGig converts typed skill names into marketplace tags and links them to the gig","invocations":1,"location":null,"numPassingAsserts":3,"retryReasons":[],"status":"passed","title":"converts typed skill names into marketplace tags and links them to the gig"},{"ancestorTitles":["GigListingService","createGig"],"duration":3,"failureDetails":[],"failureMessages":[],"fullName":"GigListingService createGig rejects invalid gig status values","invocations":1,"location":null,"numPassingAsserts":1,"retryReasons":[],"status":"passed","title":"rejects invalid gig status values"},{"ancestorTitles":["GigListingService","deactivateGig"],"duration":1,"failureDetails":[],"failureMessages":[],"fullName":"GigListingService deactivateGig throws ForbiddenError when freelancer does not own the gig","invocations":1,"location":null,"numPassingAsserts":1,"retryReasons":[],"status":"passed","title":"throws ForbiddenError when freelancer does not own the gig"},{"ancestorTitles":["GigListingService","listGigs"],"duration":1,"failureDetails":[],"failureMessages":[],"fullName":"GigListingService listGigs forwards marketplace search and filter params to repository","invocations":1,"location":null,"numPassingAsserts":1,"retryReasons":[],"status":"passed","title":"forwards marketplace search and filter params to repository"}],"endTime":1780068682611,"message":"","name":"F:\\SPM module 3\\SPM-module-3\\nfasvp-module3\\backend\\tests\\services\\GigListingService.test.js","startTime":1780068682436,"status":"passed","summary":""}],"wasInterrupted":false}
